{"$message_type":"diagnostic","message":"cannot find type `JsonValue` in this scope","code":{"code":"E0425","explanation":"An unresolved name was used.\n\nErroneous code examples:\n\n```compile_fail,E0425\nsomething_that_doesnt_exist::foo;\n// error: unresolved name `something_that_doesnt_exist::foo`\n\n// or:\n\ntrait Foo {\n    fn bar() {\n        Self; // error: unresolved name `Self`\n    }\n}\n\n// or:\n\nlet x = unknown_variable;  // error: unresolved name `unknown_variable`\n```\n\nPlease verify that the name wasn't misspelled and ensure that the\nidentifier being referred to is valid for the given situation. Example:\n\n```\nenum something_that_does_exist {\n    Foo,\n}\n```\n\nOr:\n\n```\nmod something_that_does_exist {\n    pub static foo : i32 = 0i32;\n}\n\nsomething_that_does_exist::foo; // ok!\n```\n\nOr:\n\n```\nlet unknown_variable = 12u32;\nlet x = unknown_variable; // ok!\n```\n\nIf the item is not defined in the current module, it must be imported using a\n`use` statement, like so:\n\n```\n# mod foo { pub fn bar() {} }\n# fn main() {\nuse foo::bar;\nbar();\n# }\n```\n\nIf the item you are importing is not defined in some super-module of the\ncurrent module, then it must also be declared as public (e.g., `pub fn`).\n"},"level":"error","spans":[{"file_name":"src\\main.rs","byte_start":953,"byte_end":962,"line_start":33,"line_end":33,"column_start":21,"column_end":30,"is_primary":true,"text":[{"text":"        pub fields: JsonValue,","highlight_start":21,"highlight_end":30}],"label":"not found in this scope","suggested_replacement":null,"suggestion_applicability":null,"expansion":null}],"children":[{"message":"consider importing this enum","code":null,"level":"help","spans":[{"file_name":"src\\main.rs","byte_start":504,"byte_end":504,"line_start":20,"line_end":20,"column_start":5,"column_end":5,"is_primary":true,"text":[{"text":"    use sea_orm::entity::prelude::*;","highlight_start":5,"highlight_end":5}],"label":null,"suggested_replacement":"use sea_orm::JsonValue;\n","suggestion_applicability":"MaybeIncorrect","expansion":null}],"children":[],"rendered":null}],"rendered":"\u001b[1m\u001b[91merror[E0425]\u001b[0m\u001b[1m\u001b[97m: cannot find type `JsonValue` in this scope\u001b[0m\n  \u001b[1m\u001b[96m--> \u001b[0msrc\\main.rs:33:21\n   \u001b[1m\u001b[96m|\u001b[0m\n\u001b[1m\u001b[96m33\u001b[0m \u001b[1m\u001b[96m|\u001b[0m         pub fields: JsonValue,\n   \u001b[1m\u001b[96m|\u001b[0m                     \u001b[1m\u001b[91m^^^^^^^^^\u001b[0m \u001b[1m\u001b[91mnot found in this scope\u001b[0m\n   \u001b[1m\u001b[96m|\u001b[0m\n\u001b[1m\u001b[96mhelp\u001b[0m: consider importing this enum\n   \u001b[1m\u001b[96m|\u001b[0m\n\u001b[1m\u001b[96m20\u001b[0m \u001b[92m+ \u001b[0m    \u001b[92muse sea_orm::JsonValue;\u001b[0m\n   \u001b[1m\u001b[96m|\u001b[0m\n\n"}
{"$message_type":"diagnostic","message":"cannot find type `JsonValue` in this scope","code":{"code":"E0425","explanation":"An unresolved name was used.\n\nErroneous code examples:\n\n```compile_fail,E0425\nsomething_that_doesnt_exist::foo;\n// error: unresolved name `something_that_doesnt_exist::foo`\n\n// or:\n\ntrait Foo {\n    fn bar() {\n        Self; // error: unresolved name `Self`\n    }\n}\n\n// or:\n\nlet x = unknown_variable;  // error: unresolved name `unknown_variable`\n```\n\nPlease verify that the name wasn't misspelled and ensure that the\nidentifier being referred to is valid for the given situation. Example:\n\n```\nenum something_that_does_exist {\n    Foo,\n}\n```\n\nOr:\n\n```\nmod something_that_does_exist {\n    pub static foo : i32 = 0i32;\n}\n\nsomething_that_does_exist::foo; // ok!\n```\n\nOr:\n\n```\nlet unknown_variable = 12u32;\nlet x = unknown_variable; // ok!\n```\n\nIf the item is not defined in the current module, it must be imported using a\n`use` statement, like so:\n\n```\n# mod foo { pub fn bar() {} }\n# fn main() {\nuse foo::bar;\nbar();\n# }\n```\n\nIf the item you are importing is not defined in some super-module of the\ncurrent module, then it must also be declared as public (e.g., `pub fn`).\n"},"level":"error","spans":[{"file_name":"src\\main.rs","byte_start":941,"byte_end":944,"line_start":33,"line_end":33,"column_start":9,"column_end":12,"is_primary":true,"text":[{"text":"        pub fields: JsonValue,","highlight_start":9,"highlight_end":12}],"label":"not found in this scope","suggested_replacement":null,"suggestion_applicability":null,"expansion":null}],"children":[{"message":"consider importing this enum","code":null,"level":"help","spans":[{"file_name":"src\\main.rs","byte_start":504,"byte_end":504,"line_start":20,"line_end":20,"column_start":5,"column_end":5,"is_primary":true,"text":[{"text":"    use sea_orm::entity::prelude::*;","highlight_start":5,"highlight_end":5}],"label":null,"suggested_replacement":"use sea_orm::JsonValue;\n","suggestion_applicability":"MaybeIncorrect","expansion":null}],"children":[],"rendered":null}],"rendered":"\u001b[1m\u001b[91merror[E0425]\u001b[0m\u001b[1m\u001b[97m: cannot find type `JsonValue` in this scope\u001b[0m\n  \u001b[1m\u001b[96m--> \u001b[0msrc\\main.rs:33:9\n   \u001b[1m\u001b[96m|\u001b[0m\n\u001b[1m\u001b[96m33\u001b[0m \u001b[1m\u001b[96m|\u001b[0m         pub fields: JsonValue,\n   \u001b[1m\u001b[96m|\u001b[0m         \u001b[1m\u001b[91m^^^\u001b[0m \u001b[1m\u001b[91mnot found in this scope\u001b[0m\n   \u001b[1m\u001b[96m|\u001b[0m\n\u001b[1m\u001b[96mhelp\u001b[0m: consider importing this enum\n   \u001b[1m\u001b[96m|\u001b[0m\n\u001b[1m\u001b[96m20\u001b[0m \u001b[92m+ \u001b[0m    \u001b[92muse sea_orm::JsonValue;\u001b[0m\n   \u001b[1m\u001b[96m|\u001b[0m\n\n"}
{"$message_type":"diagnostic","message":"mismatched types","code":{"code":"E0308","explanation":"Expected type did not match the received type.\n\nErroneous code examples:\n\n```compile_fail,E0308\nfn plus_one(x: i32) -> i32 {\n    x + 1\n}\n\nplus_one(\"Not a number\");\n//       ^^^^^^^^^^^^^^ expected `i32`, found `&str`\n\nif \"Not a bool\" {\n// ^^^^^^^^^^^^ expected `bool`, found `&str`\n}\n\nlet x: f32 = \"Not a float\";\n//     ---   ^^^^^^^^^^^^^ expected `f32`, found `&str`\n//     |\n//     expected due to this\n```\n\nThis error occurs when an expression was used in a place where the compiler\nexpected an expression of a different type. It can occur in several cases, the\nmost common being when calling a function and passing an argument which has a\ndifferent type than the matching type in the function declaration.\n"},"level":"error","spans":[{"file_name":"src\\main.rs","byte_start":3156,"byte_end":3160,"line_start":139,"line_end":139,"column_start":21,"column_end":25,"is_primary":true,"text":[{"text":"            ts: Set(e.ts),","highlight_start":21,"highlight_end":25}],"label":"expected `DateTime<FixedOffset>`, found `DateTime<Utc>`","suggested_replacement":null,"suggestion_applicability":null,"expansion":null},{"file_name":"src\\main.rs","byte_start":3152,"byte_end":3155,"line_start":139,"line_end":139,"column_start":17,"column_end":20,"is_primary":false,"text":[{"text":"            ts: Set(e.ts),","highlight_start":17,"highlight_end":20}],"label":"arguments to this function are incorrect","suggested_replacement":null,"suggestion_applicability":null,"expansion":null}],"children":[{"message":"expected struct `chrono::DateTime<FixedOffset>`\n   found struct `chrono::DateTime<Utc>`","code":null,"level":"note","spans":[],"children":[],"rendered":null},{"message":"the return type of this call is `chrono::DateTime<Utc>` due to the type of the argument passed","code":null,"level":"help","spans":[{"file_name":"src\\main.rs","byte_start":3156,"byte_end":3160,"line_start":139,"line_end":139,"column_start":21,"column_end":25,"is_primary":false,"text":[{"text":"            ts: Set(e.ts),","highlight_start":21,"highlight_end":25}],"label":"this argument influences the return type of `Set`","suggested_replacement":null,"suggestion_applicability":null,"expansion":null},{"file_name":"src\\main.rs","byte_start":3152,"byte_end":3161,"line_start":139,"line_end":139,"column_start":17,"column_end":26,"is_primary":true,"text":[{"text":"            ts: Set(e.ts),","highlight_start":17,"highlight_end":26}],"label":null,"suggested_replacement":null,"suggestion_applicability":null,"expansion":null}],"children":[],"rendered":null},{"message":"function defined here","code":null,"level":"note","spans":[{"file_name":"C:\\Users\\zk187\\.cargo\\registry\\src\\index.crates.io-1949cf8c6b5b557f\\sea-orm-0.12.15\\src\\entity\\active_model.rs","byte_start":1514,"byte_end":1517,"line_start":53,"line_end":53,"column_start":8,"column_end":11,"is_primary":true,"text":[{"text":"pub fn Set<V>(v: V) -> ActiveValue<V>","highlight_start":8,"highlight_end":11}],"label":null,"suggested_replacement":null,"suggestion_applicability":null,"expansion":null}],"children":[],"rendered":null},{"message":"call `Into::into` on this expression to convert `chrono::DateTime<Utc>` into `chrono::DateTime<FixedOffset>`","code":null,"level":"help","spans":[{"file_name":"src\\main.rs","byte_start":3160,"byte_end":3160,"line_start":139,"line_end":139,"column_start":25,"column_end":25,"is_primary":true,"text":[{"text":"            ts: Set(e.ts),","highlight_start":25,"highlight_end":25}],"label":null,"suggested_replacement":".into()","suggestion_applicability":"MaybeIncorrect","expansion":null}],"children":[],"rendered":null}],"rendered":"\u001b[1m\u001b[91merror[E0308]\u001b[0m\u001b[1m\u001b[97m: mismatched types\u001b[0m\n   \u001b[1m\u001b[96m--> \u001b[0msrc\\main.rs:139:21\n    \u001b[1m\u001b[96m|\u001b[0m\n\u001b[1m\u001b[96m139\u001b[0m \u001b[1m\u001b[96m|\u001b[0m             ts: Set(e.ts),\n    \u001b[1m\u001b[96m|\u001b[0m                 \u001b[1m\u001b[96m---\u001b[0m \u001b[1m\u001b[91m^^^^\u001b[0m \u001b[1m\u001b[91mexpected `DateTime<FixedOffset>`, found `DateTime<Utc>`\u001b[0m\n    \u001b[1m\u001b[96m|\u001b[0m                 \u001b[1m\u001b[96m|\u001b[0m\n    \u001b[1m\u001b[96m|\u001b[0m                 \u001b[1m\u001b[96marguments to this function are incorrect\u001b[0m\n    \u001b[1m\u001b[96m|\u001b[0m\n    \u001b[1m\u001b[96m= \u001b[0m\u001b[1m\u001b[97mnote\u001b[0m: expected struct `chrono::DateTime<\u001b[1m\u001b[35mFixedOffset\u001b[0m>`\n               found struct `chrono::DateTime<\u001b[1m\u001b[35mUtc\u001b[0m>`\n\u001b[1m\u001b[96mhelp\u001b[0m: the return type of this call is `chrono::DateTime<Utc>` due to the type of the argument passed\n   \u001b[1m\u001b[96m--> \u001b[0msrc\\main.rs:139:17\n    \u001b[1m\u001b[96m|\u001b[0m\n\u001b[1m\u001b[96m139\u001b[0m \u001b[1m\u001b[96m|\u001b[0m             ts: Set(e.ts),\n    \u001b[1m\u001b[96m|\u001b[0m                 \u001b[1m\u001b[96m^^^^\u001b[0m\u001b[1m\u001b[96m----\u001b[0m\u001b[1m\u001b[96m^\u001b[0m\n    \u001b[1m\u001b[96m|\u001b[0m                     \u001b[1m\u001b[96m|\u001b[0m\n    \u001b[1m\u001b[96m|\u001b[0m                     \u001b[1m\u001b[96mthis argument influences the return type of `Set`\u001b[0m\n\u001b[1m\u001b[92mnote\u001b[0m: function defined here\n   \u001b[1m\u001b[96m--> \u001b[0mC:\\Users\\zk187\\.cargo\\registry\\src\\index.crates.io-1949cf8c6b5b557f\\sea-orm-0.12.15\\src\\entity\\active_model.rs:53:8\n    \u001b[1m\u001b[96m|\u001b[0m\n \u001b[1m\u001b[96m53\u001b[0m \u001b[1m\u001b[96m|\u001b[0m pub fn Set<V>(v: V) -> ActiveValue<V>\n    \u001b[1m\u001b[96m|\u001b[0m        \u001b[1m\u001b[92m^^^\u001b[0m\n\u001b[1m\u001b[96mhelp\u001b[0m: call `Into::into` on this expression to convert `chrono::DateTime<Utc>` into `chrono::DateTime<FixedOffset>`\n    \u001b[1m\u001b[96m|\u001b[0m\n\u001b[1m\u001b[96m139\u001b[0m \u001b[1m\u001b[96m| \u001b[0m            ts: Set(e.ts\u001b[92m.into()\u001b[0m),\n    \u001b[1m\u001b[96m|\u001b[0m                         \u001b[92m+++++++\u001b[0m\n\n"}
{"$message_type":"diagnostic","message":"mismatched types","code":{"code":"E0308","explanation":"Expected type did not match the received type.\n\nErroneous code examples:\n\n```compile_fail,E0308\nfn plus_one(x: i32) -> i32 {\n    x + 1\n}\n\nplus_one(\"Not a number\");\n//       ^^^^^^^^^^^^^^ expected `i32`, found `&str`\n\nif \"Not a bool\" {\n// ^^^^^^^^^^^^ expected `bool`, found `&str`\n}\n\nlet x: f32 = \"Not a float\";\n//     ---   ^^^^^^^^^^^^^ expected `f32`, found `&str`\n//     |\n//     expected due to this\n```\n\nThis error occurs when an expression was used in a place where the compiler\nexpected an expression of a different type. It can occur in several cases, the\nmost common being when calling a function and passing an argument which has a\ndifferent type than the matching type in the function declaration.\n"},"level":"error","spans":[{"file_name":"src\\main.rs","byte_start":5400,"byte_end":5404,"line_start":214,"line_end":214,"column_start":17,"column_end":21,"is_primary":true,"text":[{"text":"            ts: m.ts,","highlight_start":17,"highlight_end":21}],"label":"expected `DateTime<Utc>`, found `DateTime<FixedOffset>`","suggested_replacement":null,"suggestion_applicability":null,"expansion":null}],"children":[{"message":"expected struct `chrono::DateTime<Utc>`\n   found struct `chrono::DateTime<FixedOffset>`","code":null,"level":"note","spans":[],"children":[],"rendered":null},{"message":"call `Into::into` on this expression to convert `chrono::DateTime<FixedOffset>` into `chrono::DateTime<Utc>`","code":null,"level":"help","spans":[{"file_name":"src\\main.rs","byte_start":5404,"byte_end":5404,"line_start":214,"line_end":214,"column_start":21,"column_end":21,"is_primary":true,"text":[{"text":"            ts: m.ts,","highlight_start":21,"highlight_end":21}],"label":null,"suggested_replacement":".into()","suggestion_applicability":"MaybeIncorrect","expansion":null}],"children":[],"rendered":null}],"rendered":"\u001b[1m\u001b[91merror[E0308]\u001b[0m\u001b[1m\u001b[97m: mismatched types\u001b[0m\n   \u001b[1m\u001b[96m--> \u001b[0msrc\\main.rs:214:17\n    \u001b[1m\u001b[96m|\u001b[0m\n\u001b[1m\u001b[96m214\u001b[0m \u001b[1m\u001b[96m|\u001b[0m             ts: m.ts,\n    \u001b[1m\u001b[96m|\u001b[0m                 \u001b[1m\u001b[91m^^^^\u001b[0m \u001b[1m\u001b[91mexpected `DateTime<Utc>`, found `DateTime<FixedOffset>`\u001b[0m\n    \u001b[1m\u001b[96m|\u001b[0m\n    \u001b[1m\u001b[96m= \u001b[0m\u001b[1m\u001b[97mnote\u001b[0m: expected struct `chrono::DateTime<\u001b[1m\u001b[35mUtc\u001b[0m>`\n               found struct `chrono::DateTime<\u001b[1m\u001b[35mFixedOffset\u001b[0m>`\n\u001b[1m\u001b[96mhelp\u001b[0m: call `Into::into` on this expression to convert `chrono::DateTime<FixedOffset>` into `chrono::DateTime<Utc>`\n    \u001b[1m\u001b[96m|\u001b[0m\n\u001b[1m\u001b[96m214\u001b[0m \u001b[1m\u001b[96m| \u001b[0m            ts: m.ts\u001b[92m.into()\u001b[0m,\n    \u001b[1m\u001b[96m|\u001b[0m                     \u001b[92m+++++++\u001b[0m\n\n"}
{"$message_type":"diagnostic","message":"aborting due to 4 previous errors","code":null,"level":"error","spans":[],"children":[],"rendered":"\u001b[1m\u001b[91merror\u001b[0m\u001b[1m\u001b[97m: aborting due to 4 previous errors\u001b[0m\n\n"}
{"$message_type":"diagnostic","message":"Some errors have detailed explanations: E0308, E0425.","code":null,"level":"failure-note","spans":[],"children":[],"rendered":"\u001b[1m\u001b[97mSome errors have detailed explanations: E0308, E0425.\u001b[0m\n"}
{"$message_type":"diagnostic","message":"For more information about an error, try `rustc --explain E0308`.","code":null,"level":"failure-note","spans":[],"children":[],"rendered":"\u001b[1m\u001b[97mFor more information about an error, try `rustc --explain E0308`.\u001b[0m\n"}
